-- The C compiler identification is GNU 11.4.0
-- The CXX compiler identification is GNU 11.4.0
-- Detecting C compiler ABI info
-- Detecting C compiler ABI info - done
-- Check for working C compiler: /usr/bin/cc - skipped
-- Detecting C compile features
-- Detecting C compile features - done
-- Detecting CXX compiler ABI info
-- Detecting CXX compiler ABI info - done
-- Check for working CXX compiler: /usr/bin/c++ - skipped
-- Detecting CXX compile features
-- Detecting CXX compile features - done
-- Found ament_cmake: 1.3.10 (/opt/ros/humble/share/ament_cmake/cmake)
-- Found Python3: /usr/bin/python3 (found version "3.10.12") found components: Interpreter 
-- Found ament_lint_auto: 0.12.11 (/opt/ros/humble/share/ament_lint_auto/cmake)
-- Added test 'lint_cmake' to check CMake code style
-- Added test 'xmllint' to check XML markup files
-- Configuring done
-- Generating done
-- Build files have been written to: /home/parivesh/autonomy_ws/src/pora1stanford/build/s2_basic
-- Install configuration: ""
-- Installing: /home/parivesh/autonomy_ws/src/pora1stanford/install/s2_basic/share/ament_index/resource_index/package_run_dependencies/s2_basic
-- Installing: /home/parivesh/autonomy_ws/src/pora1stanford/install/s2_basic/share/ament_index/resource_index/parent_prefix_path/s2_basic
-- Installing: /home/parivesh/autonomy_ws/src/pora1stanford/install/s2_basic/share/s2_basic/environment/ament_prefix_path.sh
-- Installing: /home/parivesh/autonomy_ws/src/pora1stanford/install/s2_basic/share/s2_basic/environment/ament_prefix_path.dsv
-- Installing: /home/parivesh/autonomy_ws/src/pora1stanford/install/s2_basic/share/s2_basic/environment/path.sh
-- Installing: /home/parivesh/autonomy_ws/src/pora1stanford/install/s2_basic/share/s2_basic/environment/path.dsv
-- Installing: /home/parivesh/autonomy_ws/src/pora1stanford/install/s2_basic/share/s2_basic/local_setup.bash
-- Installing: /home/parivesh/autonomy_ws/src/pora1stanford/install/s2_basic/share/s2_basic/local_setup.sh
-- Installing: /home/parivesh/autonomy_ws/src/pora1stanford/install/s2_basic/share/s2_basic/local_setup.zsh
-- Installing: /home/parivesh/autonomy_ws/src/pora1stanford/install/s2_basic/share/s2_basic/local_setup.dsv
-- Installing: /home/parivesh/autonomy_ws/src/pora1stanford/install/s2_basic/share/s2_basic/package.dsv
-- Installing: /home/parivesh/autonomy_ws/src/pora1stanford/install/s2_basic/share/ament_index/resource_index/packages/s2_basic
-- Installing: /home/parivesh/autonomy_ws/src/pora1stanford/install/s2_basic/share/s2_basic/cmake/s2_basicConfig.cmake
-- Installing: /home/parivesh/autonomy_ws/src/pora1stanford/install/s2_basic/share/s2_basic/cmake/s2_basicConfig-version.cmake
-- Installing: /home/parivesh/autonomy_ws/src/pora1stanford/install/s2_basic/share/s2_basic/package.xml
