[0.012s] Invoking command in '/home/parivesh/autonomy_ws/src/pora1stanford/build/s2_basic': CMAKE_PREFIX_PATH=${CMAKE_PREFIX_PATH}:/opt/ros/humble /usr/bin/cmake /home/parivesh/autonomy_ws/src/pora1stanford/s2_basic -DCMAKE_INSTALL_PREFIX=/home/parivesh/autonomy_ws/src/pora1stanford/install/s2_basic
[0.184s] -- The C compiler identification is GNU 11.4.0
[0.333s] -- The CXX compiler identification is GNU 11.4.0
[0.343s] -- Detecting C compiler ABI info
[0.411s] -- Detecting C compiler ABI info - done
[0.418s] -- Check for working C compiler: /usr/bin/cc - skipped
[0.419s] -- Detecting C compile features
[0.420s] -- Detecting C compile features - done
[0.424s] -- Detecting CXX compiler ABI info
[0.506s] -- Detecting CXX compiler ABI info - done
[0.514s] -- Check for working CXX compiler: /usr/bin/c++ - skipped
[0.515s] -- Detecting CXX compile features
[0.515s] -- Detecting CXX compile features - done
[0.529s] -- Found ament_cmake: 1.3.10 (/opt/ros/humble/share/ament_cmake/cmake)
[0.680s] -- Found Python3: /usr/bin/python3 (found version "3.10.12") found components: Interpreter 
[0.803s] -- Found ament_lint_auto: 0.12.11 (/opt/ros/humble/share/ament_lint_auto/cmake)
[0.891s] -- Added test 'lint_cmake' to check CMake code style
[0.893s] -- Added test 'xmllint' to check XML markup files
[0.895s] -- Configuring done
[0.897s] -- Generating done
[0.898s] -- Build files have been written to: /home/parivesh/autonomy_ws/src/pora1stanford/build/s2_basic
[0.903s] Invoked command in '/home/parivesh/autonomy_ws/src/pora1stanford/build/s2_basic' returned '0': CMAKE_PREFIX_PATH=${CMAKE_PREFIX_PATH}:/opt/ros/humble /usr/bin/cmake /home/parivesh/autonomy_ws/src/pora1stanford/s2_basic -DCMAKE_INSTALL_PREFIX=/home/parivesh/autonomy_ws/src/pora1stanford/install/s2_basic
[0.904s] Invoking command in '/home/parivesh/autonomy_ws/src/pora1stanford/build/s2_basic': CMAKE_PREFIX_PATH=${CMAKE_PREFIX_PATH}:/opt/ros/humble /usr/bin/cmake --build /home/parivesh/autonomy_ws/src/pora1stanford/build/s2_basic -- -j4 -l4
[0.931s] Invoked command in '/home/parivesh/autonomy_ws/src/pora1stanford/build/s2_basic' returned '0': CMAKE_PREFIX_PATH=${CMAKE_PREFIX_PATH}:/opt/ros/humble /usr/bin/cmake --build /home/parivesh/autonomy_ws/src/pora1stanford/build/s2_basic -- -j4 -l4
[0.954s] Invoking command in '/home/parivesh/autonomy_ws/src/pora1stanford/build/s2_basic': CMAKE_PREFIX_PATH=${CMAKE_PREFIX_PATH}:/opt/ros/humble /usr/bin/cmake --install /home/parivesh/autonomy_ws/src/pora1stanford/build/s2_basic
[0.959s] -- Install configuration: ""
[0.960s] -- Installing: /home/parivesh/autonomy_ws/src/pora1stanford/install/s2_basic/share/ament_index/resource_index/package_run_dependencies/s2_basic
[0.960s] -- Installing: /home/parivesh/autonomy_ws/src/pora1stanford/install/s2_basic/share/ament_index/resource_index/parent_prefix_path/s2_basic
[0.960s] -- Installing: /home/parivesh/autonomy_ws/src/pora1stanford/install/s2_basic/share/s2_basic/environment/ament_prefix_path.sh
[0.960s] -- Installing: /home/parivesh/autonomy_ws/src/pora1stanford/install/s2_basic/share/s2_basic/environment/ament_prefix_path.dsv
[0.960s] -- Installing: /home/parivesh/autonomy_ws/src/pora1stanford/install/s2_basic/share/s2_basic/environment/path.sh
[0.960s] -- Installing: /home/parivesh/autonomy_ws/src/pora1stanford/install/s2_basic/share/s2_basic/environment/path.dsv
[0.960s] -- Installing: /home/parivesh/autonomy_ws/src/pora1stanford/install/s2_basic/share/s2_basic/local_setup.bash
[0.960s] -- Installing: /home/parivesh/autonomy_ws/src/pora1stanford/install/s2_basic/share/s2_basic/local_setup.sh
[0.961s] -- Installing: /home/parivesh/autonomy_ws/src/pora1stanford/install/s2_basic/share/s2_basic/local_setup.zsh
[0.961s] -- Installing: /home/parivesh/autonomy_ws/src/pora1stanford/install/s2_basic/share/s2_basic/local_setup.dsv
[0.961s] -- Installing: /home/parivesh/autonomy_ws/src/pora1stanford/install/s2_basic/share/s2_basic/package.dsv
[0.961s] -- Installing: /home/parivesh/autonomy_ws/src/pora1stanford/install/s2_basic/share/ament_index/resource_index/packages/s2_basic
[0.961s] -- Installing: /home/parivesh/autonomy_ws/src/pora1stanford/install/s2_basic/share/s2_basic/cmake/s2_basicConfig.cmake
[0.961s] -- Installing: /home/parivesh/autonomy_ws/src/pora1stanford/install/s2_basic/share/s2_basic/cmake/s2_basicConfig-version.cmake
[0.961s] -- Installing: /home/parivesh/autonomy_ws/src/pora1stanford/install/s2_basic/share/s2_basic/package.xml
[0.963s] Invoked command in '/home/parivesh/autonomy_ws/src/pora1stanford/build/s2_basic' returned '0': CMAKE_PREFIX_PATH=${CMAKE_PREFIX_PATH}:/opt/ros/humble /usr/bin/cmake --install /home/parivesh/autonomy_ws/src/pora1stanford/build/s2_basic
